;  LST file generated by mikroListExporter - v.2.0 
; Date/Time: 6/2/2022 8:54:32 AM
;----------------------------------------------

;Address Opcode 	ASM
0x0000	0x2917      	GOTO       279
_____DoICP:
;__Lib_System.c,6 :: 		
;__Lib_System.c,9 :: 		
0x0003	0x1283      	BCF        STATUS, 5
0x0004	0x1303      	BCF        STATUS, 6
0x0005	0x0822      	MOVF       ___DoICPAddr+1, 0
0x0006	0x008A      	MOVWF      PCLATH
;__Lib_System.c,10 :: 		
0x0007	0x0821      	MOVF       ___DoICPAddr, 0
0x0008	0x0082      	MOVWF      PCL
;__Lib_System.c,12 :: 		
L_end_____DoICP:
0x0009	0x0008      	RETURN
; end of _____DoICP
_Delay_22us:
;__Lib_Delays.c,15 :: 		void Delay_22us() {
;__Lib_Delays.c,16 :: 		Delay_us(22);
0x000A	0x300E      	MOVLW      14
0x000B	0x1283      	BCF        STATUS, 5
0x000C	0x1303      	BCF        STATUS, 6
0x000D	0x00FD      	MOVWF      R13
L_Delay_22us1:
0x000E	0x0BFD      	DECFSZ     R13, 1
0x000F	0x280E      	GOTO       L_Delay_22us1
0x0010	0x0000      	NOP
;__Lib_Delays.c,17 :: 		}
L_end_Delay_22us:
0x0011	0x0008      	RETURN
; end of _Delay_22us
_Mul_16X16_U:
;__Lib_Math.c,136 :: 		
;__Lib_Math.c,143 :: 		
0x0012	0x1283      	BCF        STATUS, 5
;__Lib_Math.c,144 :: 		
0x0013	0x1303      	BCF        STATUS, 6
;__Lib_Math.c,145 :: 		
0x0014	0x01FB      	CLRF       R11
;__Lib_Math.c,146 :: 		
0x0015	0x01FA      	CLRF       R10
;__Lib_Math.c,147 :: 		
0x0016	0x01F9      	CLRF       R9
;__Lib_Math.c,148 :: 		
0x0017	0x3080      	MOVLW      128
;__Lib_Math.c,149 :: 		
0x0018	0x00F8      	MOVWF      R8
;__Lib_Math.c,150 :: 		
0x0019	0x0CF1      	RRF        R1, 1
;__Lib_Math.c,151 :: 		
0x001A	0x0CF0      	RRF        R0, 1
;__Lib_Math.c,152 :: 		
0x001B	0x1C03      	BTFSS      STATUS, 0
;__Lib_Math.c,153 :: 		
0x001C	0x2826      	GOTO       $+10
;__Lib_Math.c,154 :: 		
0x001D	0x0874      	MOVF       R4, 0
;__Lib_Math.c,155 :: 		
0x001E	0x07F9      	ADDWF      R9, 1
;__Lib_Math.c,156 :: 		
0x001F	0x0875      	MOVF       R5, 0
;__Lib_Math.c,157 :: 		
0x0020	0x1803      	BTFSC      STATUS, 0
;__Lib_Math.c,158 :: 		
0x0021	0x0F75      	INCFSZ     R5, 0
;__Lib_Math.c,159 :: 		
0x0022	0x07FA      	ADDWF      R10, 1
;__Lib_Math.c,160 :: 		
0x0023	0x1803      	BTFSC      STATUS, 0
;__Lib_Math.c,161 :: 		
0x0024	0x0AFB      	INCF       R11, 1
;__Lib_Math.c,162 :: 		
0x0025	0x1003      	BCF        STATUS, 0
;__Lib_Math.c,163 :: 		
0x0026	0x1FF0      	BTFSS      R0, 7
;__Lib_Math.c,164 :: 		
0x0027	0x282E      	GOTO       $+7
;__Lib_Math.c,165 :: 		
0x0028	0x0874      	MOVF       R4, 0
;__Lib_Math.c,166 :: 		
0x0029	0x07FA      	ADDWF      R10, 1
;__Lib_Math.c,167 :: 		
0x002A	0x0875      	MOVF       R5, 0
;__Lib_Math.c,168 :: 		
0x002B	0x1803      	BTFSC      STATUS, 0
;__Lib_Math.c,169 :: 		
0x002C	0x0F75      	INCFSZ     R5, 0
;__Lib_Math.c,170 :: 		
0x002D	0x07FB      	ADDWF      R11, 1
;__Lib_Math.c,171 :: 		
0x002E	0x0CFB      	RRF        R11, 1
;__Lib_Math.c,172 :: 		
0x002F	0x0CFA      	RRF        R10, 1
;__Lib_Math.c,173 :: 		
0x0030	0x0CF9      	RRF        R9, 1
;__Lib_Math.c,174 :: 		
0x0031	0x0CF8      	RRF        R8, 1
;__Lib_Math.c,175 :: 		
0x0032	0x1C03      	BTFSS      STATUS, 0
;__Lib_Math.c,176 :: 		
0x0033	0x2819      	GOTO       $-26
;__Lib_Math.c,177 :: 		
0x0034	0x087B      	MOVF       R11, 0
;__Lib_Math.c,178 :: 		
0x0035	0x00F3      	MOVWF      R3
;__Lib_Math.c,179 :: 		
0x0036	0x087A      	MOVF       R10, 0
;__Lib_Math.c,180 :: 		
0x0037	0x00F2      	MOVWF      R2
;__Lib_Math.c,181 :: 		
0x0038	0x0879      	MOVF       R9, 0
;__Lib_Math.c,182 :: 		
0x0039	0x00F1      	MOVWF      R1
;__Lib_Math.c,183 :: 		
0x003A	0x0878      	MOVF       R8, 0
;__Lib_Math.c,184 :: 		
0x003B	0x00F0      	MOVWF      R0
;__Lib_Math.c,187 :: 		
L_end_Mul_16X16_U:
0x003C	0x0008      	RETURN
; end of _Mul_16X16_U
_PWM2_Init:
;__Lib_PWM_c21.c,1 :: 		
;__Lib_PWM_c21.c,2 :: 		
;__Lib_PWM_c21.c,3 :: 		
0x003D	0x1283      	BCF        STATUS, 5
0x003E	0x1303      	BCF        STATUS, 6
0x003F	0x019B      	CLRF       CCPR2L
;__Lib_PWM_c21.c,4 :: 		
0x0040	0x121D      	BCF        CCP2CON, 4
;__Lib_PWM_c21.c,5 :: 		
0x0041	0x129D      	BCF        CCP2CON, 5
;__Lib_PWM_c21.c,6 :: 		
L_end_PWM2_Init:
0x0042	0x0008      	RETURN
; end of _PWM2_Init
_PWM1_Init:
;__Lib_PWM_c21.c,32 :: 		
;__Lib_PWM_c21.c,33 :: 		
;__Lib_PWM_c21.c,34 :: 		
0x0043	0x1283      	BCF        STATUS, 5
0x0044	0x1303      	BCF        STATUS, 6
0x0045	0x0195      	CLRF       CCPR1L
;__Lib_PWM_c21.c,35 :: 		
0x0046	0x1217      	BCF        CCP1CON, 4
;__Lib_PWM_c21.c,36 :: 		
0x0047	0x1297      	BCF        CCP1CON, 5
;__Lib_PWM_c21.c,37 :: 		
L_end_PWM1_Init:
0x0048	0x0008      	RETURN
; end of _PWM1_Init
_PWM1_Start:
;__Lib_PWM_c21.c,50 :: 		
;__Lib_PWM_c21.c,51 :: 		
0x0049	0x1683      	BSF        STATUS, 5
0x004A	0x1303      	BCF        STATUS, 6
0x004B	0x1107      	BCF        TRISC2_bit, BitPos(TRISC2_bit+0)
;__Lib_PWM_c21.c,52 :: 		
0x004C	0x1283      	BCF        STATUS, 5
0x004D	0x1512      	BSF        T2CON, 2
;__Lib_PWM_c21.c,53 :: 		
0x004E	0x300C      	MOVLW      12
0x004F	0x0497      	IORWF      CCP1CON, 1
;__Lib_PWM_c21.c,54 :: 		
L_end_PWM1_Start:
0x0050	0x0008      	RETURN
; end of _PWM1_Start
_PWM2_Start:
;__Lib_PWM_c21.c,19 :: 		
;__Lib_PWM_c21.c,20 :: 		
0x0051	0x1683      	BSF        STATUS, 5
0x0052	0x1303      	BCF        STATUS, 6
0x0053	0x1087      	BCF        TRISC1_bit, BitPos(TRISC1_bit+0)
;__Lib_PWM_c21.c,21 :: 		
0x0054	0x1283      	BCF        STATUS, 5
0x0055	0x1512      	BSF        T2CON, 2
;__Lib_PWM_c21.c,22 :: 		
0x0056	0x300C      	MOVLW      12
0x0057	0x049D      	IORWF      CCP2CON, 1
;__Lib_PWM_c21.c,23 :: 		
L_end_PWM2_Start:
0x0058	0x0008      	RETURN
; end of _PWM2_Start
_ADC_Init:
;__Lib_ADC_A_C.c,19 :: 		
;__Lib_ADC_A_C.c,20 :: 		
0x0059	0x30FF      	MOVLW      _ADC_Get_Sample
0x005A	0x1283      	BCF        STATUS, 5
0x005B	0x1303      	BCF        STATUS, 6
0x005C	0x00A3      	MOVWF      _ADC_Get_Sample_Ptr
0x005D	0x30FF      	MOVLW      hi_addr(_ADC_Get_Sample)
0x005E	0x00A4      	MOVWF      _ADC_Get_Sample_Ptr+1
0x005F	0x30FF      	MOVLW      FARG_ADC_Get_Sample_channel
0x0060	0x00A5      	MOVWF      _ADC_Get_Sample_Ptr+2
0x0061	0x30FF      	MOVLW      hi_addr(FARG_ADC_Get_Sample_channel)
;__Lib_ADC_A_C.c,22 :: 		
0x0062	0x019F      	CLRF       ADCON0
;__Lib_ADC_A_C.c,23 :: 		
0x0063	0x30C0      	MOVLW      192
0x0064	0x049F      	IORWF      ADCON0, 1
;__Lib_ADC_A_C.c,24 :: 		
0x0065	0x0920      	COMF       _vref_mask, 0
0x0066	0x00F0      	MOVWF      R0
0x0067	0x0870      	MOVF       R0, 0
0x0068	0x1683      	BSF        STATUS, 5
0x0069	0x059F      	ANDWF      ADCON1, 1
;__Lib_ADC_A_C.c,25 :: 		
0x006A	0x171F      	BSF        ADCON1, 6
;__Lib_ADC_A_C.c,26 :: 		
0x006B	0x179F      	BSF        ADCON1, 7
;__Lib_ADC_A_C.c,29 :: 		
0x006C	0x1283      	BCF        STATUS, 5
0x006D	0x141F      	BSF        ADCON0, 0
;__Lib_ADC_A_C.c,30 :: 		
L_end_ADC_Init:
0x006E	0x0008      	RETURN
; end of _ADC_Init
_PWM2_Set_Duty:
;__Lib_PWM_c21.c,8 :: 		
;__Lib_PWM_c21.c,12 :: 		
0x006F	0x1683      	BSF        STATUS, 5
0x0070	0x1303      	BCF        STATUS, 6
0x0071	0x0812      	MOVF       PR2, 0
0x0072	0x3E01      	ADDLW      1
0x0073	0x00F0      	MOVWF      R0
0x0074	0x01F1      	CLRF       R0+1
0x0075	0x1803      	BTFSC      STATUS, 0
0x0076	0x0AF1      	INCF       R0+1, 1
0x0077	0x1283      	BCF        STATUS, 5
0x0078	0x0828      	MOVF       FARG_PWM2_Set_Duty_new_duty, 0
0x0079	0x00F4      	MOVWF      R4
0x007A	0x01F5      	CLRF       R4+1
0x007B	0x2012      	CALL       _Mul_16X16_U
0x007C	0x3006      	MOVLW      6
0x007D	0x00F2      	MOVWF      R2
0x007E	0x0870      	MOVF       R0, 0
0x007F	0x00F4      	MOVWF      R4
0x0080	0x0871      	MOVF       R0+1, 0
0x0081	0x00F5      	MOVWF      R4+1
0x0082	0x0872      	MOVF       R2, 0
L__PWM2_Set_Duty2:
0x0083	0x1903      	BTFSC      STATUS, 2
0x0084	0x288A      	GOTO       L__PWM2_Set_Duty3
0x0085	0x0CF5      	RRF        R4+1, 1
0x0086	0x0CF4      	RRF        R4, 1
0x0087	0x13F5      	BCF        R4+1, 7
0x0088	0x3EFF      	ADDLW      255
0x0089	0x2883      	GOTO       L__PWM2_Set_Duty2
L__PWM2_Set_Duty3:
;__Lib_PWM_c21.c,13 :: 		
0x008A	0x3004      	MOVLW      4
0x008B	0x00F1      	MOVWF      R1
0x008C	0x0874      	MOVF       R4, 0
0x008D	0x00F0      	MOVWF      R0
0x008E	0x0871      	MOVF       R1, 0
L__PWM2_Set_Duty4:
0x008F	0x1903      	BTFSC      STATUS, 2
0x0090	0x2895      	GOTO       L__PWM2_Set_Duty5
0x0091	0x0DF0      	RLF        R0, 1
0x0092	0x1070      	BCF        R0, 0
0x0093	0x3EFF      	ADDLW      255
0x0094	0x288F      	GOTO       L__PWM2_Set_Duty4
L__PWM2_Set_Duty5:
0x0095	0x3030      	MOVLW      48
0x0096	0x0570      	ANDWF      R0, 0
0x0097	0x00F3      	MOVWF      R3
;__Lib_PWM_c21.c,14 :: 		
0x0098	0x0874      	MOVF       R4, 0
0x0099	0x00F0      	MOVWF      R0
0x009A	0x0875      	MOVF       R4+1, 0
0x009B	0x00F1      	MOVWF      R0+1
0x009C	0x0CF1      	RRF        R0+1, 1
0x009D	0x0CF0      	RRF        R0, 1
0x009E	0x13F1      	BCF        R0+1, 7
0x009F	0x0CF1      	RRF        R0+1, 1
0x00A0	0x0CF0      	RRF        R0, 1
0x00A1	0x13F1      	BCF        R0+1, 7
0x00A2	0x0870      	MOVF       R0, 0
0x00A3	0x009B      	MOVWF      CCPR2L
;__Lib_PWM_c21.c,15 :: 		
0x00A4	0x300F      	MOVLW      15
0x00A5	0x059D      	ANDWF      CCP2CON, 1
;__Lib_PWM_c21.c,16 :: 		
0x00A6	0x0873      	MOVF       R3, 0
0x00A7	0x049D      	IORWF      CCP2CON, 1
;__Lib_PWM_c21.c,17 :: 		
L_end_PWM2_Set_Duty:
0x00A8	0x0008      	RETURN
; end of _PWM2_Set_Duty
_PWM1_Set_Duty:
;__Lib_PWM_c21.c,39 :: 		
;__Lib_PWM_c21.c,43 :: 		
0x00A9	0x1683      	BSF        STATUS, 5
0x00AA	0x1303      	BCF        STATUS, 6
0x00AB	0x0812      	MOVF       PR2, 0
0x00AC	0x3E01      	ADDLW      1
0x00AD	0x00F0      	MOVWF      R0
0x00AE	0x01F1      	CLRF       R0+1
0x00AF	0x1803      	BTFSC      STATUS, 0
0x00B0	0x0AF1      	INCF       R0+1, 1
0x00B1	0x1283      	BCF        STATUS, 5
0x00B2	0x0828      	MOVF       FARG_PWM1_Set_Duty_new_duty, 0
0x00B3	0x00F4      	MOVWF      R4
0x00B4	0x01F5      	CLRF       R4+1
0x00B5	0x2012      	CALL       _Mul_16X16_U
0x00B6	0x3006      	MOVLW      6
0x00B7	0x00F2      	MOVWF      R2
0x00B8	0x0870      	MOVF       R0, 0
0x00B9	0x00F4      	MOVWF      R4
0x00BA	0x0871      	MOVF       R0+1, 0
0x00BB	0x00F5      	MOVWF      R4+1
0x00BC	0x0872      	MOVF       R2, 0
L__PWM1_Set_Duty10:
0x00BD	0x1903      	BTFSC      STATUS, 2
0x00BE	0x28C4      	GOTO       L__PWM1_Set_Duty11
0x00BF	0x0CF5      	RRF        R4+1, 1
0x00C0	0x0CF4      	RRF        R4, 1
0x00C1	0x13F5      	BCF        R4+1, 7
0x00C2	0x3EFF      	ADDLW      255
0x00C3	0x28BD      	GOTO       L__PWM1_Set_Duty10
L__PWM1_Set_Duty11:
;__Lib_PWM_c21.c,44 :: 		
0x00C4	0x3004      	MOVLW      4
0x00C5	0x00F1      	MOVWF      R1
0x00C6	0x0874      	MOVF       R4, 0
0x00C7	0x00F0      	MOVWF      R0
0x00C8	0x0871      	MOVF       R1, 0
L__PWM1_Set_Duty12:
0x00C9	0x1903      	BTFSC      STATUS, 2
0x00CA	0x28CF      	GOTO       L__PWM1_Set_Duty13
0x00CB	0x0DF0      	RLF        R0, 1
0x00CC	0x1070      	BCF        R0, 0
0x00CD	0x3EFF      	ADDLW      255
0x00CE	0x28C9      	GOTO       L__PWM1_Set_Duty12
L__PWM1_Set_Duty13:
0x00CF	0x3030      	MOVLW      48
0x00D0	0x0570      	ANDWF      R0, 0
0x00D1	0x00F3      	MOVWF      R3
;__Lib_PWM_c21.c,45 :: 		
0x00D2	0x0874      	MOVF       R4, 0
0x00D3	0x00F0      	MOVWF      R0
0x00D4	0x0875      	MOVF       R4+1, 0
0x00D5	0x00F1      	MOVWF      R0+1
0x00D6	0x0CF1      	RRF        R0+1, 1
0x00D7	0x0CF0      	RRF        R0, 1
0x00D8	0x13F1      	BCF        R0+1, 7
0x00D9	0x0CF1      	RRF        R0+1, 1
0x00DA	0x0CF0      	RRF        R0, 1
0x00DB	0x13F1      	BCF        R0+1, 7
0x00DC	0x0870      	MOVF       R0, 0
0x00DD	0x0095      	MOVWF      CCPR1L
;__Lib_PWM_c21.c,46 :: 		
0x00DE	0x300F      	MOVLW      15
0x00DF	0x0597      	ANDWF      CCP1CON, 1
;__Lib_PWM_c21.c,47 :: 		
0x00E0	0x0873      	MOVF       R3, 0
0x00E1	0x0497      	IORWF      CCP1CON, 1
;__Lib_PWM_c21.c,48 :: 		
L_end_PWM1_Set_Duty:
0x00E2	0x0008      	RETURN
; end of _PWM1_Set_Duty
_ADC_Read:
;__Lib_ADC_A_C.c,68 :: 		
;__Lib_ADC_A_C.c,70 :: 		
0x00E3	0x1283      	BCF        STATUS, 5
0x00E4	0x1303      	BCF        STATUS, 6
0x00E5	0x019F      	CLRF       ADCON0
;__Lib_ADC_A_C.c,71 :: 		
0x00E6	0x30C0      	MOVLW      192
0x00E7	0x049F      	IORWF      ADCON0, 1
;__Lib_ADC_A_C.c,72 :: 		
0x00E8	0x0920      	COMF       _vref_mask, 0
0x00E9	0x00F0      	MOVWF      R0
0x00EA	0x0870      	MOVF       R0, 0
0x00EB	0x1683      	BSF        STATUS, 5
0x00EC	0x059F      	ANDWF      ADCON1, 1
;__Lib_ADC_A_C.c,73 :: 		
0x00ED	0x171F      	BSF        ADCON1, 6
;__Lib_ADC_A_C.c,74 :: 		
0x00EE	0x179F      	BSF        ADCON1, 7
;__Lib_ADC_A_C.c,75 :: 		
0x00EF	0x1283      	BCF        STATUS, 5
0x00F0	0x0828      	MOVF       FARG_ADC_Read_channel, 0
0x00F1	0x00F0      	MOVWF      R0
0x00F2	0x0DF0      	RLF        R0, 1
0x00F3	0x1070      	BCF        R0, 0
0x00F4	0x0DF0      	RLF        R0, 1
0x00F5	0x1070      	BCF        R0, 0
0x00F6	0x0DF0      	RLF        R0, 1
0x00F7	0x1070      	BCF        R0, 0
0x00F8	0x0870      	MOVF       R0, 0
0x00F9	0x049F      	IORWF      ADCON0, 1
;__Lib_ADC_A_C.c,78 :: 		
0x00FA	0x141F      	BSF        ADCON0, 0
;__Lib_ADC_A_C.c,81 :: 		
0x00FB	0x200A      	CALL       _Delay_22us
;__Lib_ADC_A_C.c,84 :: 		
0x00FC	0x151F      	BSF        ADCON0, 2
;__Lib_ADC_A_C.c,87 :: 		
L_ADC_Read2:
0x00FD	0x1D1F      	BTFSS      ADCON0, 2
0x00FE	0x2901      	GOTO       L_ADC_Read3
;__Lib_ADC_A_C.c,88 :: 		
0x00FF	0x0000      	NOP
0x0100	0x28FD      	GOTO       L_ADC_Read2
L_ADC_Read3:
;__Lib_ADC_A_C.c,91 :: 		
0x0101	0x101F      	BCF        ADCON0, 0
;__Lib_ADC_A_C.c,94 :: 		
0x0102	0x081E      	MOVF       ADRESH, 0
0x0103	0x00F1      	MOVWF      R0+1
0x0104	0x01F0      	CLRF       R0
0x0105	0x1683      	BSF        STATUS, 5
0x0106	0x081E      	MOVF       ADRESL, 0
0x0107	0x04F0      	IORWF      R0, 1
0x0108	0x3000      	MOVLW      0
0x0109	0x04F1      	IORWF      R0+1, 1
;__Lib_ADC_A_C.c,95 :: 		
L_end_ADC_Read:
0x010A	0x0008      	RETURN
; end of _ADC_Read
___CC2DW:
;__Lib_System.c,134 :: 		
;__Lib_System.c,137 :: 		
_CC2D_Loop1:
;__Lib_System.c,139 :: 		
0x010B	0x2003      	CALL       _____DoICP
0x010C	0x118A      	BCF        PCLATH, 3
0x010D	0x120A      	BCF        PCLATH, 4
;__Lib_System.c,141 :: 		
0x010E	0x0080      	MOVWF      INDF
;__Lib_System.c,142 :: 		
0x010F	0x0A84      	INCF       FSR, 1
;__Lib_System.c,143 :: 		
0x0110	0x0AA1      	INCF       ___DoICPAddr, 1
;__Lib_System.c,145 :: 		
0x0111	0x1903      	BTFSC      STATUS, 2
;__Lib_System.c,146 :: 		
0x0112	0x0AA2      	INCF       ___DoICPAddr+1, 1
;__Lib_System.c,147 :: 		
0x0113	0x03F0      	DECF       R0, 1
;__Lib_System.c,149 :: 		
0x0114	0x1D03      	BTFSS      STATUS, 2
;__Lib_System.c,150 :: 		
0x0115	0x290B      	GOTO       _CC2D_Loop1
;__Lib_System.c,152 :: 		
L_end___CC2DW:
0x0116	0x0008      	RETURN
; end of ___CC2DW
_main:
0x0117	0x21EC      	CALL       492
;MyProject.c,4 :: 		void main() {
;MyProject.c,5 :: 		trisb.b0=0;
0x0118	0x1683      	BSF        STATUS, 5
0x0119	0x1303      	BCF        STATUS, 6
0x011A	0x1006      	BCF        TRISB, 0
;MyProject.c,6 :: 		trisb.b1=1;
0x011B	0x1486      	BSF        TRISB, 1
;MyProject.c,7 :: 		trisd=0;
0x011C	0x0188      	CLRF       TRISD
;MyProject.c,8 :: 		portd=0;
0x011D	0x1283      	BCF        STATUS, 5
0x011E	0x0188      	CLRF       PORTD
;MyProject.c,9 :: 		ADC_Init();
0x011F	0x2059      	CALL       _ADC_Init
;MyProject.c,10 :: 		PWM1_Init(1000);
0x0120	0x1412      	BSF        T2CON, 0
0x0121	0x1492      	BSF        T2CON, 1
0x0122	0x307C      	MOVLW      124
0x0123	0x1683      	BSF        STATUS, 5
0x0124	0x0092      	MOVWF      PR2
0x0125	0x2043      	CALL       _PWM1_Init
;MyProject.c,11 :: 		PWM1_Start();
0x0126	0x2049      	CALL       _PWM1_Start
;MyProject.c,12 :: 		PWM2_Init(1000);
0x0127	0x1412      	BSF        T2CON, 0
0x0128	0x1492      	BSF        T2CON, 1
0x0129	0x307C      	MOVLW      124
0x012A	0x1683      	BSF        STATUS, 5
0x012B	0x0092      	MOVWF      PR2
0x012C	0x203D      	CALL       _PWM2_Init
;MyProject.c,13 :: 		PWM2_Start();
0x012D	0x2051      	CALL       _PWM2_Start
;MyProject.c,14 :: 		while(1){
L_main0:
;MyProject.c,15 :: 		while(button==1){
L_main2:
0x012E	0x1C86      	BTFSS      PORTB, 1
0x012F	0x29E4      	GOTO       L_main3
;MyProject.c,16 :: 		ThevalueOfTheSensor=ADC_Read(3) ;
0x0130	0x3003      	MOVLW      3
0x0131	0x00A8      	MOVWF      FARG_ADC_Read_channel
0x0132	0x20E3      	CALL       _ADC_Read
0x0133	0x0870      	MOVF       R0, 0
0x0134	0x1283      	BCF        STATUS, 5
0x0135	0x00A6      	MOVWF      _ThevalueOfTheSensor
0x0136	0x0871      	MOVF       R0+1, 0
0x0137	0x00A7      	MOVWF      _ThevalueOfTheSensor+1
;MyProject.c,17 :: 		if(ThevalueOfTheSensor >=600){
0x0138	0x3080      	MOVLW      128
0x0139	0x0671      	XORWF      R0+1, 0
0x013A	0x00F2      	MOVWF      R2
0x013B	0x3080      	MOVLW      128
0x013C	0x3A02      	XORLW      2
0x013D	0x0272      	SUBWF      R2, 0
0x013E	0x1D03      	BTFSS      STATUS, 2
0x013F	0x2942      	GOTO       L__main21
0x0140	0x3058      	MOVLW      88
0x0141	0x0270      	SUBWF      R0, 0
L__main21:
0x0142	0x1C03      	BTFSS      STATUS, 0
0x0143	0x2970      	GOTO       L_main4
;MyProject.c,18 :: 		motor=1;
0x0144	0x1406      	BSF        PORTB, 0
;MyProject.c,19 :: 		PWM1_Set_Duty(0);
0x0145	0x01A8      	CLRF       FARG_PWM1_Set_Duty_new_duty
0x0146	0x20A9      	CALL       _PWM1_Set_Duty
;MyProject.c,20 :: 		PWM2_Set_Duty(0);
0x0147	0x01A8      	CLRF       FARG_PWM2_Set_Duty_new_duty
0x0148	0x206F      	CALL       _PWM2_Set_Duty
;MyProject.c,21 :: 		portd.b0=0;
0x0149	0x1008      	BCF        PORTD, 0
;MyProject.c,22 :: 		delay_ms(10);
0x014A	0x301A      	MOVLW      26
0x014B	0x00FC      	MOVWF      R12
0x014C	0x30F8      	MOVLW      248
0x014D	0x00FD      	MOVWF      R13
L_main5:
0x014E	0x0BFD      	DECFSZ     R13, 1
0x014F	0x294E      	GOTO       L_main5
0x0150	0x0BFC      	DECFSZ     R12, 1
0x0151	0x294E      	GOTO       L_main5
0x0152	0x0000      	NOP
;MyProject.c,23 :: 		PWM1_Set_Duty(0);
0x0153	0x01A8      	CLRF       FARG_PWM1_Set_Duty_new_duty
0x0154	0x20A9      	CALL       _PWM1_Set_Duty
;MyProject.c,24 :: 		PWM2_Set_Duty(0);
0x0155	0x01A8      	CLRF       FARG_PWM2_Set_Duty_new_duty
0x0156	0x206F      	CALL       _PWM2_Set_Duty
;MyProject.c,25 :: 		portd.b1=0;
0x0157	0x1088      	BCF        PORTD, 1
;MyProject.c,26 :: 		delay_ms(10);
0x0158	0x301A      	MOVLW      26
0x0159	0x00FC      	MOVWF      R12
0x015A	0x30F8      	MOVLW      248
0x015B	0x00FD      	MOVWF      R13
L_main6:
0x015C	0x0BFD      	DECFSZ     R13, 1
0x015D	0x295C      	GOTO       L_main6
0x015E	0x0BFC      	DECFSZ     R12, 1
0x015F	0x295C      	GOTO       L_main6
0x0160	0x0000      	NOP
;MyProject.c,27 :: 		PWM1_Set_Duty(0);
0x0161	0x01A8      	CLRF       FARG_PWM1_Set_Duty_new_duty
0x0162	0x20A9      	CALL       _PWM1_Set_Duty
;MyProject.c,28 :: 		PWM2_Set_Duty(0);
0x0163	0x01A8      	CLRF       FARG_PWM2_Set_Duty_new_duty
0x0164	0x206F      	CALL       _PWM2_Set_Duty
;MyProject.c,29 :: 		portd.b2=0;
0x0165	0x1108      	BCF        PORTD, 2
;MyProject.c,30 :: 		delay_ms(10);
0x0166	0x301A      	MOVLW      26
0x0167	0x00FC      	MOVWF      R12
0x0168	0x30F8      	MOVLW      248
0x0169	0x00FD      	MOVWF      R13
L_main7:
0x016A	0x0BFD      	DECFSZ     R13, 1
0x016B	0x296A      	GOTO       L_main7
0x016C	0x0BFC      	DECFSZ     R12, 1
0x016D	0x296A      	GOTO       L_main7
0x016E	0x0000      	NOP
;MyProject.c,31 :: 		}else if(ThevalueOfTheSensor >=500 && ThevalueOfTheSensor <600){
0x016F	0x29E3      	GOTO       L_main8
L_main4:
0x0170	0x3080      	MOVLW      128
0x0171	0x0627      	XORWF      _ThevalueOfTheSensor+1, 0
0x0172	0x00F0      	MOVWF      R0
0x0173	0x3080      	MOVLW      128
0x0174	0x3A01      	XORLW      1
0x0175	0x0270      	SUBWF      R0, 0
0x0176	0x1D03      	BTFSS      STATUS, 2
0x0177	0x297A      	GOTO       L__main22
0x0178	0x30F4      	MOVLW      244
0x0179	0x0226      	SUBWF      _ThevalueOfTheSensor, 0
L__main22:
0x017A	0x1C03      	BTFSS      STATUS, 0
0x017B	0x29B6      	GOTO       L_main11
0x017C	0x3080      	MOVLW      128
0x017D	0x0627      	XORWF      _ThevalueOfTheSensor+1, 0
0x017E	0x00F0      	MOVWF      R0
0x017F	0x3080      	MOVLW      128
0x0180	0x3A02      	XORLW      2
0x0181	0x0270      	SUBWF      R0, 0
0x0182	0x1D03      	BTFSS      STATUS, 2
0x0183	0x2986      	GOTO       L__main23
0x0184	0x3058      	MOVLW      88
0x0185	0x0226      	SUBWF      _ThevalueOfTheSensor, 0
L__main23:
0x0186	0x1803      	BTFSC      STATUS, 0
0x0187	0x29B6      	GOTO       L_main11
L__main19:
;MyProject.c,32 :: 		motor=1;
0x0188	0x1406      	BSF        PORTB, 0
;MyProject.c,33 :: 		PWM1_Set_Duty(0);
0x0189	0x01A8      	CLRF       FARG_PWM1_Set_Duty_new_duty
0x018A	0x20A9      	CALL       _PWM1_Set_Duty
;MyProject.c,34 :: 		PWM2_Set_Duty(0);
0x018B	0x01A8      	CLRF       FARG_PWM2_Set_Duty_new_duty
0x018C	0x206F      	CALL       _PWM2_Set_Duty
;MyProject.c,35 :: 		portd.b0=0;
0x018D	0x1008      	BCF        PORTD, 0
;MyProject.c,36 :: 		delay_ms(10);
0x018E	0x301A      	MOVLW      26
0x018F	0x00FC      	MOVWF      R12
0x0190	0x30F8      	MOVLW      248
0x0191	0x00FD      	MOVWF      R13
L_main12:
0x0192	0x0BFD      	DECFSZ     R13, 1
0x0193	0x2992      	GOTO       L_main12
0x0194	0x0BFC      	DECFSZ     R12, 1
0x0195	0x2992      	GOTO       L_main12
0x0196	0x0000      	NOP
;MyProject.c,37 :: 		PWM1_Set_Duty(0);
0x0197	0x01A8      	CLRF       FARG_PWM1_Set_Duty_new_duty
0x0198	0x20A9      	CALL       _PWM1_Set_Duty
;MyProject.c,38 :: 		PWM2_Set_Duty(0);
0x0199	0x01A8      	CLRF       FARG_PWM2_Set_Duty_new_duty
0x019A	0x206F      	CALL       _PWM2_Set_Duty
;MyProject.c,39 :: 		portd.b1=0;
0x019B	0x1088      	BCF        PORTD, 1
;MyProject.c,40 :: 		delay_ms(10);
0x019C	0x301A      	MOVLW      26
0x019D	0x00FC      	MOVWF      R12
0x019E	0x30F8      	MOVLW      248
0x019F	0x00FD      	MOVWF      R13
L_main13:
0x01A0	0x0BFD      	DECFSZ     R13, 1
0x01A1	0x29A0      	GOTO       L_main13
0x01A2	0x0BFC      	DECFSZ     R12, 1
0x01A3	0x29A0      	GOTO       L_main13
0x01A4	0x0000      	NOP
;MyProject.c,41 :: 		PWM1_Set_Duty(255);
0x01A5	0x30FF      	MOVLW      255
0x01A6	0x00A8      	MOVWF      FARG_PWM1_Set_Duty_new_duty
0x01A7	0x20A9      	CALL       _PWM1_Set_Duty
;MyProject.c,42 :: 		PWM2_Set_Duty(255);
0x01A8	0x30FF      	MOVLW      255
0x01A9	0x00A8      	MOVWF      FARG_PWM2_Set_Duty_new_duty
0x01AA	0x206F      	CALL       _PWM2_Set_Duty
;MyProject.c,43 :: 		portd.b2=1;
0x01AB	0x1508      	BSF        PORTD, 2
;MyProject.c,44 :: 		delay_ms(10);
0x01AC	0x301A      	MOVLW      26
0x01AD	0x00FC      	MOVWF      R12
0x01AE	0x30F8      	MOVLW      248
0x01AF	0x00FD      	MOVWF      R13
L_main14:
0x01B0	0x0BFD      	DECFSZ     R13, 1
0x01B1	0x29B0      	GOTO       L_main14
0x01B2	0x0BFC      	DECFSZ     R12, 1
0x01B3	0x29B0      	GOTO       L_main14
0x01B4	0x0000      	NOP
;MyProject.c,45 :: 		}
0x01B5	0x29E3      	GOTO       L_main15
L_main11:
;MyProject.c,47 :: 		motor=0;
0x01B6	0x1006      	BCF        PORTB, 0
;MyProject.c,48 :: 		PWM1_Set_Duty(255);
0x01B7	0x30FF      	MOVLW      255
0x01B8	0x00A8      	MOVWF      FARG_PWM1_Set_Duty_new_duty
0x01B9	0x20A9      	CALL       _PWM1_Set_Duty
;MyProject.c,49 :: 		PWM2_Set_Duty(255);
0x01BA	0x30FF      	MOVLW      255
0x01BB	0x00A8      	MOVWF      FARG_PWM2_Set_Duty_new_duty
0x01BC	0x206F      	CALL       _PWM2_Set_Duty
;MyProject.c,50 :: 		portd.b0=1;
0x01BD	0x1408      	BSF        PORTD, 0
;MyProject.c,51 :: 		delay_ms(10);
0x01BE	0x301A      	MOVLW      26
0x01BF	0x00FC      	MOVWF      R12
0x01C0	0x30F8      	MOVLW      248
0x01C1	0x00FD      	MOVWF      R13
L_main16:
0x01C2	0x0BFD      	DECFSZ     R13, 1
0x01C3	0x29C2      	GOTO       L_main16
0x01C4	0x0BFC      	DECFSZ     R12, 1
0x01C5	0x29C2      	GOTO       L_main16
0x01C6	0x0000      	NOP
;MyProject.c,52 :: 		PWM1_Set_Duty(0);
0x01C7	0x01A8      	CLRF       FARG_PWM1_Set_Duty_new_duty
0x01C8	0x20A9      	CALL       _PWM1_Set_Duty
;MyProject.c,53 :: 		PWM2_Set_Duty(0);
0x01C9	0x01A8      	CLRF       FARG_PWM2_Set_Duty_new_duty
0x01CA	0x206F      	CALL       _PWM2_Set_Duty
;MyProject.c,54 :: 		portd.b1=0;
0x01CB	0x1088      	BCF        PORTD, 1
;MyProject.c,55 :: 		delay_ms(10);
0x01CC	0x301A      	MOVLW      26
0x01CD	0x00FC      	MOVWF      R12
0x01CE	0x30F8      	MOVLW      248
0x01CF	0x00FD      	MOVWF      R13
L_main17:
0x01D0	0x0BFD      	DECFSZ     R13, 1
0x01D1	0x29D0      	GOTO       L_main17
0x01D2	0x0BFC      	DECFSZ     R12, 1
0x01D3	0x29D0      	GOTO       L_main17
0x01D4	0x0000      	NOP
;MyProject.c,56 :: 		PWM1_Set_Duty(0);
0x01D5	0x01A8      	CLRF       FARG_PWM1_Set_Duty_new_duty
0x01D6	0x20A9      	CALL       _PWM1_Set_Duty
;MyProject.c,57 :: 		PWM2_Set_Duty(0);
0x01D7	0x01A8      	CLRF       FARG_PWM2_Set_Duty_new_duty
0x01D8	0x206F      	CALL       _PWM2_Set_Duty
;MyProject.c,58 :: 		portd.b2=0;
0x01D9	0x1108      	BCF        PORTD, 2
;MyProject.c,59 :: 		delay_ms(10);
0x01DA	0x301A      	MOVLW      26
0x01DB	0x00FC      	MOVWF      R12
0x01DC	0x30F8      	MOVLW      248
0x01DD	0x00FD      	MOVWF      R13
L_main18:
0x01DE	0x0BFD      	DECFSZ     R13, 1
0x01DF	0x29DE      	GOTO       L_main18
0x01E0	0x0BFC      	DECFSZ     R12, 1
0x01E1	0x29DE      	GOTO       L_main18
0x01E2	0x0000      	NOP
;MyProject.c,60 :: 		}}}  }
L_main15:
L_main8:
0x01E3	0x292E      	GOTO       L_main2
L_main3:
0x01E4	0x292E      	GOTO       L_main0
L_end_main:
0x01E5	0x29E5      	GOTO       $+0
; end of _main
0x01EC	0x3020      	MOVLW      32
0x01ED	0x0084      	MOVWF      FSR
0x01EE	0x3001      	MOVLW      1
0x01EF	0x1283      	BCF        STATUS, 5
0x01F0	0x1303      	BCF        STATUS, 6
0x01F1	0x00F0      	MOVWF      R0
0x01F2	0x30EB      	MOVLW      235
0x01F3	0x00A1      	MOVWF      ___DoICPAddr
0x01F4	0x3001      	MOVLW      1
0x01F5	0x00A2      	MOVWF      34
0x01F6	0x210B      	CALL       267
0x01F7	0x0008      	RETURN
;__Lib_ADC_A_C.c,0 :: ?ICS_vref_mask
0x01EB	0x340F ;?ICS_vref_mask+0
; end of ?ICS_vref_mask
Symbol List:
//** Routines locations **
//ADDRESS    SIZE    PROCEDURE
//----------------------------------------------
0x0003       [7]    _____DoICP
0x000A       [8]    _Delay_22us
0x0012      [43]    _Mul_16X16_U
0x003D       [6]    _PWM2_Init
0x0043       [6]    _PWM1_Init
0x0049       [8]    _PWM1_Start
0x0051       [8]    _PWM2_Start
0x0059      [22]    _ADC_Init
0x006F      [58]    _PWM2_Set_Duty
0x00A9      [58]    _PWM1_Set_Duty
0x00E3      [40]    _ADC_Read
0x010B      [12]    ___CC2DW
0x0117     [206]    _main
//** Variables locations ** 
//ADDRESS    SIZE    VARIABLE
//----------------------------------------------
0x0000       [1]    INDF
0x0002       [1]    PCL
0x0003       [1]    STATUS
0x0004       [1]    FSR
0x0006       [1]    PORTB
0x0008       [1]    PORTD
0x000A       [1]    PCLATH
0x0012       [1]    T2CON
0x0015       [1]    CCPR1L
0x0017       [1]    CCP1CON
0x001B       [1]    CCPR2L
0x001D       [1]    CCP2CON
0x001E       [1]    ADRESH
0x001F       [1]    ADCON0
0x0020       [1]    _vref_mask
0x0021       [2]    ___DoICPAddr
0x0023       [3]    _ADC_Get_Sample_Ptr
0x0026       [2]    _ThevalueOfTheSensor
0x0028       [1]    FARG_PWM1_Set_Duty_new_duty
0x0028       [4]    FARG_PWM1_Init_PWM_Freq
0x0028       [1]    FARG_ADC_Read_channel
0x0028       [4]    FARG_PWM2_Init_PWM_Freq
0x0028       [1]    FARG_PWM2_Set_Duty_new_duty
0x0070       [1]    R0
0x0071       [1]    R1
0x0072       [1]    R2
0x0073       [1]    R3
0x0074       [1]    R4
0x0075       [1]    R5
0x0076       [1]    R6
0x0077       [1]    R7
0x0078       [1]    R8
0x0079       [1]    R9
0x007A       [1]    R10
0x007B       [1]    R11
0x007C       [1]    R12
0x007D       [1]    R13
0x007E       [1]    R14
0x007F       [1]    R15
0x0086       [1]    TRISB
0x0087       [0]    TRISC2_bit
0x0087       [0]    TRISC1_bit
0x0088       [1]    TRISD
0x0092       [1]    PR2
0x009E       [1]    ADRESL
0x009F       [1]    ADCON1
//** Constants locations ** 
//ADDRESS    SIZE    CONSTANT
//----------------------------------------------
0x01EB       [1]    ?ICS_vref_mask
